2025-03-11 16:38:02,273 ERROR [restartedMain] o.s.b.d.LoggingFailureAnalysisReporter [LoggingFailureAnalysisReporter.java:40] 

***************************
APPLICATION FAILED TO START
***************************

Description:

Field securityContextLogoutHandler in com.nowcoder.community.controller.LoginController required a bean of type 'org.springframework.security.web.authentication.logout.SecurityContextLogoutHandler' that could not be found.

The injection point has the following annotations:
	- @org.springframework.beans.factory.annotation.Autowired(required=true)


Action:

Consider defining a bean of type 'org.springframework.security.web.authentication.logout.SecurityContextLogoutHandler' in your configuration.

2025-03-11 16:40:49,004 ERROR [restartedMain] o.s.b.d.LoggingFailureAnalysisReporter [LoggingFailureAnalysisReporter.java:40] 

***************************
APPLICATION FAILED TO START
***************************

Description:

Field securityContextLogoutHandler in com.nowcoder.community.controller.LoginController required a bean of type 'org.springframework.security.web.authentication.logout.SecurityContextLogoutHandler' that could not be found.

The injection point has the following annotations:
	- @org.springframework.beans.factory.annotation.Autowired(required=true)


Action:

Consider defining a bean of type 'org.springframework.security.web.authentication.logout.SecurityContextLogoutHandler' in your configuration.

2025-03-11 16:44:53,128 ERROR [restartedMain] o.s.b.d.LoggingFailureAnalysisReporter [LoggingFailureAnalysisReporter.java:40] 

***************************
APPLICATION FAILED TO START
***************************

Description:

Field securityContextLogoutHandler in com.nowcoder.community.controller.LoginController required a bean of type 'org.springframework.security.web.authentication.logout.SecurityContextLogoutHandler' that could not be found.

The injection point has the following annotations:
	- @org.springframework.beans.factory.annotation.Autowired(required=true)


Action:

Consider defining a bean of type 'org.springframework.security.web.authentication.logout.SecurityContextLogoutHandler' in your configuration.

2025-03-11 16:47:33,225 ERROR [restartedMain] o.s.b.d.LoggingFailureAnalysisReporter [LoggingFailureAnalysisReporter.java:40] 

***************************
APPLICATION FAILED TO START
***************************

Description:

Field securityContextLogoutHandler in com.nowcoder.community.controller.LoginController required a bean of type 'org.springframework.security.web.authentication.logout.SecurityContextLogoutHandler' that could not be found.

The injection point has the following annotations:
	- @org.springframework.beans.factory.annotation.Autowired(required=true)


Action:

Consider defining a bean of type 'org.springframework.security.web.authentication.logout.SecurityContextLogoutHandler' in your configuration.

2025-03-11 16:48:27,691 ERROR [restartedMain] o.s.b.d.LoggingFailureAnalysisReporter [LoggingFailureAnalysisReporter.java:40] 

***************************
APPLICATION FAILED TO START
***************************

Description:

Field securityContextLogoutHandler in com.nowcoder.community.controller.LoginController required a bean of type 'org.springframework.security.web.authentication.logout.SecurityContextLogoutHandler' that could not be found.

The injection point has the following annotations:
	- @org.springframework.beans.factory.annotation.Autowired(required=true)


Action:

Consider defining a bean of type 'org.springframework.security.web.authentication.logout.SecurityContextLogoutHandler' in your configuration.

2025-03-11 17:51:42,590 ERROR [restartedMain] o.a.c.s.StandardManager [DirectJDKLog.java:175] Exception loading sessions from persistent storage
java.io.StreamCorruptedException: invalid type code: 00
	at java.base/java.io.ObjectInputStream.readObject0(ObjectInputStream.java:1775)
	at java.base/java.io.ObjectInputStream$FieldValues.<init>(ObjectInputStream.java:2617)
	at java.base/java.io.ObjectInputStream.defaultReadObject(ObjectInputStream.java:652)
	at java.base/java.lang.Throwable.readObject(Throwable.java:912)
	at java.base/jdk.internal.reflect.NativeMethodAccessorImpl.invoke0(Native Method)
	at java.base/jdk.internal.reflect.NativeMethodAccessorImpl.invoke(NativeMethodAccessorImpl.java:77)
	at java.base/jdk.internal.reflect.DelegatingMethodAccessorImpl.invoke(DelegatingMethodAccessorImpl.java:43)
	at java.base/java.lang.reflect.Method.invoke(Method.java:568)
	at java.base/java.io.ObjectStreamClass.invokeReadObject(ObjectStreamClass.java:1104)
	at java.base/java.io.ObjectInputStream.readSerialData(ObjectInputStream.java:2434)
	at java.base/java.io.ObjectInputStream.readOrdinaryObject(ObjectInputStream.java:2268)
	at java.base/java.io.ObjectInputStream.readObject0(ObjectInputStream.java:1744)
	at java.base/java.io.ObjectInputStream.readObject(ObjectInputStream.java:514)
	at java.base/java.io.ObjectInputStream.readObject(ObjectInputStream.java:472)
	at org.apache.catalina.session.StandardSession.doReadObject(StandardSession.java:1131)
	at org.apache.catalina.session.StandardSession.readObjectData(StandardSession.java:831)
	at org.apache.catalina.session.StandardManager.doLoad(StandardManager.java:210)
	at org.apache.catalina.session.StandardManager.load(StandardManager.java:156)
	at org.apache.catalina.session.StandardManager.startInternal(StandardManager.java:345)
	at org.apache.catalina.util.LifecycleBase.start(LifecycleBase.java:164)
	at org.apache.catalina.core.StandardContext.startInternal(StandardContext.java:4494)
	at org.apache.catalina.util.LifecycleBase.start(LifecycleBase.java:164)
	at org.apache.catalina.core.ContainerBase$StartChild.call(ContainerBase.java:1203)
	at org.apache.catalina.core.ContainerBase$StartChild.call(ContainerBase.java:1193)
	at java.base/java.util.concurrent.FutureTask.run(FutureTask.java:264)
	at org.apache.tomcat.util.threads.InlineExecutorService.execute(InlineExecutorService.java:75)
	at java.base/java.util.concurrent.AbstractExecutorService.submit(AbstractExecutorService.java:145)
	at org.apache.catalina.core.ContainerBase.startInternal(ContainerBase.java:749)
	at org.apache.catalina.core.StandardHost.startInternal(StandardHost.java:772)
	at org.apache.catalina.util.LifecycleBase.start(LifecycleBase.java:164)
	at org.apache.catalina.core.ContainerBase$StartChild.call(ContainerBase.java:1203)
	at org.apache.catalina.core.ContainerBase$StartChild.call(ContainerBase.java:1193)
	at java.base/java.util.concurrent.FutureTask.run(FutureTask.java:264)
	at org.apache.tomcat.util.threads.InlineExecutorService.execute(InlineExecutorService.java:75)
	at java.base/java.util.concurrent.AbstractExecutorService.submit(AbstractExecutorService.java:145)
	at org.apache.catalina.core.ContainerBase.startInternal(ContainerBase.java:749)
	at org.apache.catalina.core.StandardEngine.startInternal(StandardEngine.java:203)
	at org.apache.catalina.util.LifecycleBase.start(LifecycleBase.java:164)
	at org.apache.catalina.core.StandardService.startInternal(StandardService.java:415)
	at org.apache.catalina.util.LifecycleBase.start(LifecycleBase.java:164)
	at org.apache.catalina.core.StandardServer.startInternal(StandardServer.java:870)
	at org.apache.catalina.util.LifecycleBase.start(LifecycleBase.java:164)
	at org.apache.catalina.startup.Tomcat.start(Tomcat.java:437)
	at org.springframework.boot.web.embedded.tomcat.TomcatWebServer.initialize(TomcatWebServer.java:128)
	at org.springframework.boot.web.embedded.tomcat.TomcatWebServer.<init>(TomcatWebServer.java:107)
	at org.springframework.boot.web.embedded.tomcat.TomcatServletWebServerFactory.getTomcatWebServer(TomcatServletWebServerFactory.java:520)
	at org.springframework.boot.web.embedded.tomcat.TomcatServletWebServerFactory.getWebServer(TomcatServletWebServerFactory.java:222)
	at org.springframework.boot.web.servlet.context.ServletWebServerApplicationContext.createWebServer(ServletWebServerApplicationContext.java:193)
	at org.springframework.boot.web.servlet.context.ServletWebServerApplicationContext.onRefresh(ServletWebServerApplicationContext.java:167)
	at org.springframework.context.support.AbstractApplicationContext.refresh(AbstractApplicationContext.java:621)
	at org.springframework.boot.web.servlet.context.ServletWebServerApplicationContext.refresh(ServletWebServerApplicationContext.java:146)
	at org.springframework.boot.SpringApplication.refresh(SpringApplication.java:752)
	at org.springframework.boot.SpringApplication.refreshContext(SpringApplication.java:439)
	at org.springframework.boot.SpringApplication.run(SpringApplication.java:318)
	at org.springframework.boot.SpringApplication.run(SpringApplication.java:1361)
	at org.springframework.boot.SpringApplication.run(SpringApplication.java:1350)
	at com.nowcoder.community.CommunityApplication.main(CommunityApplication.java:10)
	at java.base/jdk.internal.reflect.NativeMethodAccessorImpl.invoke0(Native Method)
	at java.base/jdk.internal.reflect.NativeMethodAccessorImpl.invoke(NativeMethodAccessorImpl.java:77)
	at java.base/jdk.internal.reflect.DelegatingMethodAccessorImpl.invoke(DelegatingMethodAccessorImpl.java:43)
	at java.base/java.lang.reflect.Method.invoke(Method.java:568)
	at org.springframework.boot.devtools.restart.RestartLauncher.run(RestartLauncher.java:50)
2025-03-11 19:26:29,551 ERROR [restartedMain] o.a.c.s.StandardManager [DirectJDKLog.java:175] Exception loading sessions from persistent storage
java.io.StreamCorruptedException: invalid type code: 00
	at java.base/java.io.ObjectInputStream.readObject0(ObjectInputStream.java:1775)
	at java.base/java.io.ObjectInputStream$FieldValues.<init>(ObjectInputStream.java:2617)
	at java.base/java.io.ObjectInputStream.defaultReadObject(ObjectInputStream.java:652)
	at java.base/java.lang.Throwable.readObject(Throwable.java:912)
	at java.base/jdk.internal.reflect.NativeMethodAccessorImpl.invoke0(Native Method)
	at java.base/jdk.internal.reflect.NativeMethodAccessorImpl.invoke(NativeMethodAccessorImpl.java:77)
	at java.base/jdk.internal.reflect.DelegatingMethodAccessorImpl.invoke(DelegatingMethodAccessorImpl.java:43)
	at java.base/java.lang.reflect.Method.invoke(Method.java:568)
	at java.base/java.io.ObjectStreamClass.invokeReadObject(ObjectStreamClass.java:1104)
	at java.base/java.io.ObjectInputStream.readSerialData(ObjectInputStream.java:2434)
	at java.base/java.io.ObjectInputStream.readOrdinaryObject(ObjectInputStream.java:2268)
	at java.base/java.io.ObjectInputStream.readObject0(ObjectInputStream.java:1744)
	at java.base/java.io.ObjectInputStream.readObject(ObjectInputStream.java:514)
	at java.base/java.io.ObjectInputStream.readObject(ObjectInputStream.java:472)
	at org.apache.catalina.session.StandardSession.doReadObject(StandardSession.java:1131)
	at org.apache.catalina.session.StandardSession.readObjectData(StandardSession.java:831)
	at org.apache.catalina.session.StandardManager.doLoad(StandardManager.java:210)
	at org.apache.catalina.session.StandardManager.load(StandardManager.java:156)
	at org.apache.catalina.session.StandardManager.startInternal(StandardManager.java:345)
	at org.apache.catalina.util.LifecycleBase.start(LifecycleBase.java:164)
	at org.apache.catalina.core.StandardContext.startInternal(StandardContext.java:4494)
	at org.apache.catalina.util.LifecycleBase.start(LifecycleBase.java:164)
	at org.apache.catalina.core.ContainerBase$StartChild.call(ContainerBase.java:1203)
	at org.apache.catalina.core.ContainerBase$StartChild.call(ContainerBase.java:1193)
	at java.base/java.util.concurrent.FutureTask.run(FutureTask.java:264)
	at org.apache.tomcat.util.threads.InlineExecutorService.execute(InlineExecutorService.java:75)
	at java.base/java.util.concurrent.AbstractExecutorService.submit(AbstractExecutorService.java:145)
	at org.apache.catalina.core.ContainerBase.startInternal(ContainerBase.java:749)
	at org.apache.catalina.core.StandardHost.startInternal(StandardHost.java:772)
	at org.apache.catalina.util.LifecycleBase.start(LifecycleBase.java:164)
	at org.apache.catalina.core.ContainerBase$StartChild.call(ContainerBase.java:1203)
	at org.apache.catalina.core.ContainerBase$StartChild.call(ContainerBase.java:1193)
	at java.base/java.util.concurrent.FutureTask.run(FutureTask.java:264)
	at org.apache.tomcat.util.threads.InlineExecutorService.execute(InlineExecutorService.java:75)
	at java.base/java.util.concurrent.AbstractExecutorService.submit(AbstractExecutorService.java:145)
	at org.apache.catalina.core.ContainerBase.startInternal(ContainerBase.java:749)
	at org.apache.catalina.core.StandardEngine.startInternal(StandardEngine.java:203)
	at org.apache.catalina.util.LifecycleBase.start(LifecycleBase.java:164)
	at org.apache.catalina.core.StandardService.startInternal(StandardService.java:415)
	at org.apache.catalina.util.LifecycleBase.start(LifecycleBase.java:164)
	at org.apache.catalina.core.StandardServer.startInternal(StandardServer.java:870)
	at org.apache.catalina.util.LifecycleBase.start(LifecycleBase.java:164)
	at org.apache.catalina.startup.Tomcat.start(Tomcat.java:437)
	at org.springframework.boot.web.embedded.tomcat.TomcatWebServer.initialize(TomcatWebServer.java:128)
	at org.springframework.boot.web.embedded.tomcat.TomcatWebServer.<init>(TomcatWebServer.java:107)
	at org.springframework.boot.web.embedded.tomcat.TomcatServletWebServerFactory.getTomcatWebServer(TomcatServletWebServerFactory.java:520)
	at org.springframework.boot.web.embedded.tomcat.TomcatServletWebServerFactory.getWebServer(TomcatServletWebServerFactory.java:222)
	at org.springframework.boot.web.servlet.context.ServletWebServerApplicationContext.createWebServer(ServletWebServerApplicationContext.java:193)
	at org.springframework.boot.web.servlet.context.ServletWebServerApplicationContext.onRefresh(ServletWebServerApplicationContext.java:167)
	at org.springframework.context.support.AbstractApplicationContext.refresh(AbstractApplicationContext.java:621)
	at org.springframework.boot.web.servlet.context.ServletWebServerApplicationContext.refresh(ServletWebServerApplicationContext.java:146)
	at org.springframework.boot.SpringApplication.refresh(SpringApplication.java:752)
	at org.springframework.boot.SpringApplication.refreshContext(SpringApplication.java:439)
	at org.springframework.boot.SpringApplication.run(SpringApplication.java:318)
	at org.springframework.boot.SpringApplication.run(SpringApplication.java:1361)
	at org.springframework.boot.SpringApplication.run(SpringApplication.java:1350)
	at com.nowcoder.community.CommunityApplication.main(CommunityApplication.java:10)
	at java.base/jdk.internal.reflect.NativeMethodAccessorImpl.invoke0(Native Method)
	at java.base/jdk.internal.reflect.NativeMethodAccessorImpl.invoke(NativeMethodAccessorImpl.java:77)
	at java.base/jdk.internal.reflect.DelegatingMethodAccessorImpl.invoke(DelegatingMethodAccessorImpl.java:43)
	at java.base/java.lang.reflect.Method.invoke(Method.java:568)
	at org.springframework.boot.devtools.restart.RestartLauncher.run(RestartLauncher.java:50)
2025-03-11 19:27:12,625 ERROR [http-nio-8080-exec-1] c.n.c.c.a.ExceptionAdvice [ExceptionAdvice.java:23] 服务器发生异常: Redis exception
2025-03-11 19:27:12,627 ERROR [http-nio-8080-exec-1] c.n.c.c.a.ExceptionAdvice [ExceptionAdvice.java:25] org.springframework.data.redis.connection.lettuce.LettuceExceptionConverter.convert(LettuceExceptionConverter.java:72)
2025-03-11 19:27:12,628 ERROR [http-nio-8080-exec-1] c.n.c.c.a.ExceptionAdvice [ExceptionAdvice.java:25] org.springframework.data.redis.connection.lettuce.LettuceExceptionConverter.convert(LettuceExceptionConverter.java:41)
2025-03-11 19:27:12,629 ERROR [http-nio-8080-exec-1] c.n.c.c.a.ExceptionAdvice [ExceptionAdvice.java:25] org.springframework.data.redis.PassThroughExceptionTranslationStrategy.translate(PassThroughExceptionTranslationStrategy.java:40)
2025-03-11 19:27:12,630 ERROR [http-nio-8080-exec-1] c.n.c.c.a.ExceptionAdvice [ExceptionAdvice.java:25] org.springframework.data.redis.FallbackExceptionTranslationStrategy.translate(FallbackExceptionTranslationStrategy.java:38)
2025-03-11 19:27:12,630 ERROR [http-nio-8080-exec-1] c.n.c.c.a.ExceptionAdvice [ExceptionAdvice.java:25] org.springframework.data.redis.connection.lettuce.LettuceConnection.convertLettuceAccessException(LettuceConnection.java:310)
2025-03-11 19:27:12,631 ERROR [http-nio-8080-exec-1] c.n.c.c.a.ExceptionAdvice [ExceptionAdvice.java:25] org.springframework.data.redis.connection.lettuce.LettuceConnection.await(LettuceConnection.java:1012)
2025-03-11 19:27:12,633 ERROR [http-nio-8080-exec-1] c.n.c.c.a.ExceptionAdvice [ExceptionAdvice.java:25] org.springframework.data.redis.connection.lettuce.LettuceConnection.lambda$doInvoke$3(LettuceConnection.java:447)
2025-03-11 19:27:12,634 ERROR [http-nio-8080-exec-1] c.n.c.c.a.ExceptionAdvice [ExceptionAdvice.java:25] org.springframework.data.redis.connection.lettuce.LettuceInvoker$Synchronizer.invoke(LettuceInvoker.java:665)
2025-03-11 19:27:12,635 ERROR [http-nio-8080-exec-1] c.n.c.c.a.ExceptionAdvice [ExceptionAdvice.java:25] org.springframework.data.redis.connection.lettuce.LettuceInvoker.just(LettuceInvoker.java:109)
2025-03-11 19:27:12,636 ERROR [http-nio-8080-exec-1] c.n.c.c.a.ExceptionAdvice [ExceptionAdvice.java:25] org.springframework.data.redis.connection.lettuce.LettuceHyperLogLogCommands.pfAdd(LettuceHyperLogLogCommands.java:42)
2025-03-11 19:27:12,638 ERROR [http-nio-8080-exec-1] c.n.c.c.a.ExceptionAdvice [ExceptionAdvice.java:25] org.springframework.data.redis.connection.DefaultedRedisConnection.pfAdd(DefaultedRedisConnection.java:1582)
2025-03-11 19:27:12,638 ERROR [http-nio-8080-exec-1] c.n.c.c.a.ExceptionAdvice [ExceptionAdvice.java:25] org.springframework.data.redis.core.DefaultHyperLogLogOperations.lambda$add$0(DefaultHyperLogLogOperations.java:37)
2025-03-11 19:27:12,639 ERROR [http-nio-8080-exec-1] c.n.c.c.a.ExceptionAdvice [ExceptionAdvice.java:25] org.springframework.data.redis.core.RedisTemplate.execute(RedisTemplate.java:411)
2025-03-11 19:27:12,640 ERROR [http-nio-8080-exec-1] c.n.c.c.a.ExceptionAdvice [ExceptionAdvice.java:25] org.springframework.data.redis.core.RedisTemplate.execute(RedisTemplate.java:378)
2025-03-11 19:27:12,640 ERROR [http-nio-8080-exec-1] c.n.c.c.a.ExceptionAdvice [ExceptionAdvice.java:25] org.springframework.data.redis.core.AbstractOperations.execute(AbstractOperations.java:117)
2025-03-11 19:27:12,640 ERROR [http-nio-8080-exec-1] c.n.c.c.a.ExceptionAdvice [ExceptionAdvice.java:25] org.springframework.data.redis.core.DefaultHyperLogLogOperations.add(DefaultHyperLogLogOperations.java:37)
2025-03-11 19:27:12,640 ERROR [http-nio-8080-exec-1] c.n.c.c.a.ExceptionAdvice [ExceptionAdvice.java:25] com.nowcoder.community.service.DateService.recordUV(DateService.java:30)
2025-03-11 19:27:12,641 ERROR [http-nio-8080-exec-1] c.n.c.c.a.ExceptionAdvice [ExceptionAdvice.java:25] java.base/jdk.internal.reflect.NativeMethodAccessorImpl.invoke0(Native Method)
2025-03-11 19:27:12,641 ERROR [http-nio-8080-exec-1] c.n.c.c.a.ExceptionAdvice [ExceptionAdvice.java:25] java.base/jdk.internal.reflect.NativeMethodAccessorImpl.invoke(NativeMethodAccessorImpl.java:77)
2025-03-11 19:27:12,642 ERROR [http-nio-8080-exec-1] c.n.c.c.a.ExceptionAdvice [ExceptionAdvice.java:25] java.base/jdk.internal.reflect.DelegatingMethodAccessorImpl.invoke(DelegatingMethodAccessorImpl.java:43)
2025-03-11 19:27:12,643 ERROR [http-nio-8080-exec-1] c.n.c.c.a.ExceptionAdvice [ExceptionAdvice.java:25] java.base/java.lang.reflect.Method.invoke(Method.java:568)
2025-03-11 19:27:12,643 ERROR [http-nio-8080-exec-1] c.n.c.c.a.ExceptionAdvice [ExceptionAdvice.java:25] org.springframework.aop.support.AopUtils.invokeJoinpointUsingReflection(AopUtils.java:359)
2025-03-11 19:27:12,644 ERROR [http-nio-8080-exec-1] c.n.c.c.a.ExceptionAdvice [ExceptionAdvice.java:25] org.springframework.aop.framework.ReflectiveMethodInvocation.invokeJoinpoint(ReflectiveMethodInvocation.java:196)
2025-03-11 19:27:12,644 ERROR [http-nio-8080-exec-1] c.n.c.c.a.ExceptionAdvice [ExceptionAdvice.java:25] org.springframework.aop.framework.ReflectiveMethodInvocation.proceed(ReflectiveMethodInvocation.java:163)
2025-03-11 19:27:12,645 ERROR [http-nio-8080-exec-1] c.n.c.c.a.ExceptionAdvice [ExceptionAdvice.java:25] org.springframework.aop.framework.adapter.MethodBeforeAdviceInterceptor.invoke(MethodBeforeAdviceInterceptor.java:58)
2025-03-11 19:27:12,645 ERROR [http-nio-8080-exec-1] c.n.c.c.a.ExceptionAdvice [ExceptionAdvice.java:25] org.springframework.aop.framework.ReflectiveMethodInvocation.proceed(ReflectiveMethodInvocation.java:184)
2025-03-11 19:27:12,645 ERROR [http-nio-8080-exec-1] c.n.c.c.a.ExceptionAdvice [ExceptionAdvice.java:25] org.springframework.aop.interceptor.ExposeInvocationInterceptor.invoke(ExposeInvocationInterceptor.java:97)
2025-03-11 19:27:12,645 ERROR [http-nio-8080-exec-1] c.n.c.c.a.ExceptionAdvice [ExceptionAdvice.java:25] org.springframework.aop.framework.ReflectiveMethodInvocation.proceed(ReflectiveMethodInvocation.java:184)
2025-03-11 19:27:12,646 ERROR [http-nio-8080-exec-1] c.n.c.c.a.ExceptionAdvice [ExceptionAdvice.java:25] org.springframework.aop.framework.CglibAopProxy$DynamicAdvisedInterceptor.intercept(CglibAopProxy.java:727)
2025-03-11 19:27:12,646 ERROR [http-nio-8080-exec-1] c.n.c.c.a.ExceptionAdvice [ExceptionAdvice.java:25] com.nowcoder.community.service.DateService$$SpringCGLIB$$0.recordUV(<generated>)
2025-03-11 19:27:12,647 ERROR [http-nio-8080-exec-1] c.n.c.c.a.ExceptionAdvice [ExceptionAdvice.java:25] com.nowcoder.community.controller.interceptor.DataInterceptor.preHandle(DataInterceptor.java:28)
2025-03-11 19:27:12,647 ERROR [http-nio-8080-exec-1] c.n.c.c.a.ExceptionAdvice [ExceptionAdvice.java:25] org.springframework.web.servlet.HandlerExecutionChain.applyPreHandle(HandlerExecutionChain.java:146)
2025-03-11 19:27:12,648 ERROR [http-nio-8080-exec-1] c.n.c.c.a.ExceptionAdvice [ExceptionAdvice.java:25] org.springframework.web.servlet.DispatcherServlet.doDispatch(DispatcherServlet.java:1083)
2025-03-11 19:27:12,649 ERROR [http-nio-8080-exec-1] c.n.c.c.a.ExceptionAdvice [ExceptionAdvice.java:25] org.springframework.web.servlet.DispatcherServlet.doService(DispatcherServlet.java:978)
2025-03-11 19:27:12,649 ERROR [http-nio-8080-exec-1] c.n.c.c.a.ExceptionAdvice [ExceptionAdvice.java:25] org.springframework.web.servlet.FrameworkServlet.processRequest(FrameworkServlet.java:1014)
2025-03-11 19:27:12,650 ERROR [http-nio-8080-exec-1] c.n.c.c.a.ExceptionAdvice [ExceptionAdvice.java:25] org.springframework.web.servlet.FrameworkServlet.doGet(FrameworkServlet.java:903)
2025-03-11 19:27:12,651 ERROR [http-nio-8080-exec-1] c.n.c.c.a.ExceptionAdvice [ExceptionAdvice.java:25] jakarta.servlet.http.HttpServlet.service(HttpServlet.java:564)
2025-03-11 19:27:12,652 ERROR [http-nio-8080-exec-1] c.n.c.c.a.ExceptionAdvice [ExceptionAdvice.java:25] org.springframework.web.servlet.FrameworkServlet.service(FrameworkServlet.java:885)
2025-03-11 19:27:12,653 ERROR [http-nio-8080-exec-1] c.n.c.c.a.ExceptionAdvice [ExceptionAdvice.java:25] jakarta.servlet.http.HttpServlet.service(HttpServlet.java:658)
2025-03-11 19:27:12,653 ERROR [http-nio-8080-exec-1] c.n.c.c.a.ExceptionAdvice [ExceptionAdvice.java:25] org.apache.catalina.core.ApplicationFilterChain.internalDoFilter(ApplicationFilterChain.java:195)
2025-03-11 19:27:12,654 ERROR [http-nio-8080-exec-1] c.n.c.c.a.ExceptionAdvice [ExceptionAdvice.java:25] org.apache.catalina.core.ApplicationFilterChain.doFilter(ApplicationFilterChain.java:140)
2025-03-11 19:27:12,655 ERROR [http-nio-8080-exec-1] c.n.c.c.a.ExceptionAdvice [ExceptionAdvice.java:25] org.apache.tomcat.websocket.server.WsFilter.doFilter(WsFilter.java:51)
2025-03-11 19:27:12,656 ERROR [http-nio-8080-exec-1] c.n.c.c.a.ExceptionAdvice [ExceptionAdvice.java:25] org.apache.catalina.core.ApplicationFilterChain.internalDoFilter(ApplicationFilterChain.java:164)
2025-03-11 19:27:12,656 ERROR [http-nio-8080-exec-1] c.n.c.c.a.ExceptionAdvice [ExceptionAdvice.java:25] org.apache.catalina.core.ApplicationFilterChain.doFilter(ApplicationFilterChain.java:140)
2025-03-11 19:27:12,657 ERROR [http-nio-8080-exec-1] c.n.c.c.a.ExceptionAdvice [ExceptionAdvice.java:25] org.springframework.web.filter.CompositeFilter$VirtualFilterChain.doFilter(CompositeFilter.java:108)
2025-03-11 19:27:12,657 ERROR [http-nio-8080-exec-1] c.n.c.c.a.ExceptionAdvice [ExceptionAdvice.java:25] org.springframework.security.web.FilterChainProxy.lambda$doFilterInternal$3(FilterChainProxy.java:231)
2025-03-11 19:27:12,657 ERROR [http-nio-8080-exec-1] c.n.c.c.a.ExceptionAdvice [ExceptionAdvice.java:25] org.springframework.security.web.FilterChainProxy$VirtualFilterChain.doFilter(FilterChainProxy.java:365)
2025-03-11 19:27:12,658 ERROR [http-nio-8080-exec-1] c.n.c.c.a.ExceptionAdvice [ExceptionAdvice.java:25] org.springframework.security.web.access.intercept.AuthorizationFilter.doFilter(AuthorizationFilter.java:101)
2025-03-11 19:27:12,658 ERROR [http-nio-8080-exec-1] c.n.c.c.a.ExceptionAdvice [ExceptionAdvice.java:25] org.springframework.security.web.FilterChainProxy$VirtualFilterChain.doFilter(FilterChainProxy.java:374)
2025-03-11 19:27:12,658 ERROR [http-nio-8080-exec-1] c.n.c.c.a.ExceptionAdvice [ExceptionAdvice.java:25] org.springframework.security.web.access.ExceptionTranslationFilter.doFilter(ExceptionTranslationFilter.java:126)
2025-03-11 19:27:12,659 ERROR [http-nio-8080-exec-1] c.n.c.c.a.ExceptionAdvice [ExceptionAdvice.java:25] org.springframework.security.web.access.ExceptionTranslationFilter.doFilter(ExceptionTranslationFilter.java:120)
2025-03-11 19:27:12,659 ERROR [http-nio-8080-exec-1] c.n.c.c.a.ExceptionAdvice [ExceptionAdvice.java:25] org.springframework.security.web.FilterChainProxy$VirtualFilterChain.doFilter(FilterChainProxy.java:374)
2025-03-11 19:27:12,660 ERROR [http-nio-8080-exec-1] c.n.c.c.a.ExceptionAdvice [ExceptionAdvice.java:25] org.springframework.security.web.authentication.AnonymousAuthenticationFilter.doFilter(AnonymousAuthenticationFilter.java:100)
2025-03-11 19:27:12,660 ERROR [http-nio-8080-exec-1] c.n.c.c.a.ExceptionAdvice [ExceptionAdvice.java:25] org.springframework.security.web.FilterChainProxy$VirtualFilterChain.doFilter(FilterChainProxy.java:374)
2025-03-11 19:27:12,661 ERROR [http-nio-8080-exec-1] c.n.c.c.a.ExceptionAdvice [ExceptionAdvice.java:25] org.springframework.security.web.servletapi.SecurityContextHolderAwareRequestFilter.doFilter(SecurityContextHolderAwareRequestFilter.java:179)
2025-03-11 19:27:12,661 ERROR [http-nio-8080-exec-1] c.n.c.c.a.ExceptionAdvice [ExceptionAdvice.java:25] org.springframework.security.web.FilterChainProxy$VirtualFilterChain.doFilter(FilterChainProxy.java:374)
2025-03-11 19:27:12,662 ERROR [http-nio-8080-exec-1] c.n.c.c.a.ExceptionAdvice [ExceptionAdvice.java:25] org.springframework.security.web.savedrequest.RequestCacheAwareFilter.doFilter(RequestCacheAwareFilter.java:63)
2025-03-11 19:27:12,662 ERROR [http-nio-8080-exec-1] c.n.c.c.a.ExceptionAdvice [ExceptionAdvice.java:25] org.springframework.security.web.FilterChainProxy$VirtualFilterChain.doFilter(FilterChainProxy.java:374)
2025-03-11 19:27:12,663 ERROR [http-nio-8080-exec-1] c.n.c.c.a.ExceptionAdvice [ExceptionAdvice.java:25] org.springframework.security.web.authentication.logout.LogoutFilter.doFilter(LogoutFilter.java:107)
2025-03-11 19:27:12,663 ERROR [http-nio-8080-exec-1] c.n.c.c.a.ExceptionAdvice [ExceptionAdvice.java:25] org.springframework.security.web.authentication.logout.LogoutFilter.doFilter(LogoutFilter.java:93)
2025-03-11 19:27:12,664 ERROR [http-nio-8080-exec-1] c.n.c.c.a.ExceptionAdvice [ExceptionAdvice.java:25] org.springframework.security.web.FilterChainProxy$VirtualFilterChain.doFilter(FilterChainProxy.java:374)
2025-03-11 19:27:12,664 ERROR [http-nio-8080-exec-1] c.n.c.c.a.ExceptionAdvice [ExceptionAdvice.java:25] org.springframework.security.web.header.HeaderWriterFilter.doHeadersAfter(HeaderWriterFilter.java:90)
2025-03-11 19:27:12,664 ERROR [http-nio-8080-exec-1] c.n.c.c.a.ExceptionAdvice [ExceptionAdvice.java:25] org.springframework.security.web.header.HeaderWriterFilter.doFilterInternal(HeaderWriterFilter.java:75)
2025-03-11 19:27:12,665 ERROR [http-nio-8080-exec-1] c.n.c.c.a.ExceptionAdvice [ExceptionAdvice.java:25] org.springframework.web.filter.OncePerRequestFilter.doFilter(OncePerRequestFilter.java:116)
2025-03-11 19:27:12,666 ERROR [http-nio-8080-exec-1] c.n.c.c.a.ExceptionAdvice [ExceptionAdvice.java:25] org.springframework.security.web.FilterChainProxy$VirtualFilterChain.doFilter(FilterChainProxy.java:374)
2025-03-11 19:27:12,667 ERROR [http-nio-8080-exec-1] c.n.c.c.a.ExceptionAdvice [ExceptionAdvice.java:25] org.springframework.security.web.context.SecurityContextHolderFilter.doFilter(SecurityContextHolderFilter.java:82)
2025-03-11 19:27:12,669 ERROR [http-nio-8080-exec-1] c.n.c.c.a.ExceptionAdvice [ExceptionAdvice.java:25] org.springframework.security.web.context.SecurityContextHolderFilter.doFilter(SecurityContextHolderFilter.java:69)
2025-03-11 19:27:12,670 ERROR [http-nio-8080-exec-1] c.n.c.c.a.ExceptionAdvice [ExceptionAdvice.java:25] org.springframework.security.web.FilterChainProxy$VirtualFilterChain.doFilter(FilterChainProxy.java:374)
2025-03-11 19:27:12,672 ERROR [http-nio-8080-exec-1] c.n.c.c.a.ExceptionAdvice [ExceptionAdvice.java:25] org.springframework.security.web.context.request.async.WebAsyncManagerIntegrationFilter.doFilterInternal(WebAsyncManagerIntegrationFilter.java:62)
2025-03-11 19:27:12,672 ERROR [http-nio-8080-exec-1] c.n.c.c.a.ExceptionAdvice [ExceptionAdvice.java:25] org.springframework.web.filter.OncePerRequestFilter.doFilter(OncePerRequestFilter.java:116)
2025-03-11 19:27:12,673 ERROR [http-nio-8080-exec-1] c.n.c.c.a.ExceptionAdvice [ExceptionAdvice.java:25] org.springframework.security.web.FilterChainProxy$VirtualFilterChain.doFilter(FilterChainProxy.java:374)
2025-03-11 19:27:12,673 ERROR [http-nio-8080-exec-1] c.n.c.c.a.ExceptionAdvice [ExceptionAdvice.java:25] org.springframework.security.web.session.DisableEncodeUrlFilter.doFilterInternal(DisableEncodeUrlFilter.java:42)
2025-03-11 19:27:12,674 ERROR [http-nio-8080-exec-1] c.n.c.c.a.ExceptionAdvice [ExceptionAdvice.java:25] org.springframework.web.filter.OncePerRequestFilter.doFilter(OncePerRequestFilter.java:116)
2025-03-11 19:27:12,674 ERROR [http-nio-8080-exec-1] c.n.c.c.a.ExceptionAdvice [ExceptionAdvice.java:25] org.springframework.security.web.FilterChainProxy$VirtualFilterChain.doFilter(FilterChainProxy.java:374)
2025-03-11 19:27:12,675 ERROR [http-nio-8080-exec-1] c.n.c.c.a.ExceptionAdvice [ExceptionAdvice.java:25] org.springframework.security.web.FilterChainProxy.doFilterInternal(FilterChainProxy.java:233)
2025-03-11 19:27:12,675 ERROR [http-nio-8080-exec-1] c.n.c.c.a.ExceptionAdvice [ExceptionAdvice.java:25] org.springframework.security.web.FilterChainProxy.doFilter(FilterChainProxy.java:191)
2025-03-11 19:27:12,675 ERROR [http-nio-8080-exec-1] c.n.c.c.a.ExceptionAdvice [ExceptionAdvice.java:25] org.springframework.web.filter.CompositeFilter$VirtualFilterChain.doFilter(CompositeFilter.java:113)
2025-03-11 19:27:12,675 ERROR [http-nio-8080-exec-1] c.n.c.c.a.ExceptionAdvice [ExceptionAdvice.java:25] org.springframework.web.servlet.handler.HandlerMappingIntrospector.lambda$createCacheFilter$3(HandlerMappingIntrospector.java:243)
2025-03-11 19:27:12,676 ERROR [http-nio-8080-exec-1] c.n.c.c.a.ExceptionAdvice [ExceptionAdvice.java:25] org.springframework.web.filter.CompositeFilter$VirtualFilterChain.doFilter(CompositeFilter.java:113)
2025-03-11 19:27:12,676 ERROR [http-nio-8080-exec-1] c.n.c.c.a.ExceptionAdvice [ExceptionAdvice.java:25] org.springframework.web.filter.CompositeFilter.doFilter(CompositeFilter.java:74)
2025-03-11 19:27:12,676 ERROR [http-nio-8080-exec-1] c.n.c.c.a.ExceptionAdvice [ExceptionAdvice.java:25] org.springframework.security.config.annotation.web.configuration.WebMvcSecurityConfiguration$CompositeFilterChainProxy.doFilter(WebMvcSecurityConfiguration.java:238)
2025-03-11 19:27:12,677 ERROR [http-nio-8080-exec-1] c.n.c.c.a.ExceptionAdvice [ExceptionAdvice.java:25] org.springframework.web.filter.DelegatingFilterProxy.invokeDelegate(DelegatingFilterProxy.java:362)
2025-03-11 19:27:12,677 ERROR [http-nio-8080-exec-1] c.n.c.c.a.ExceptionAdvice [ExceptionAdvice.java:25] org.springframework.web.filter.DelegatingFilterProxy.doFilter(DelegatingFilterProxy.java:278)
2025-03-11 19:27:12,678 ERROR [http-nio-8080-exec-1] c.n.c.c.a.ExceptionAdvice [ExceptionAdvice.java:25] org.apache.catalina.core.ApplicationFilterChain.internalDoFilter(ApplicationFilterChain.java:164)
2025-03-11 19:27:12,678 ERROR [http-nio-8080-exec-1] c.n.c.c.a.ExceptionAdvice [ExceptionAdvice.java:25] org.apache.catalina.core.ApplicationFilterChain.doFilter(ApplicationFilterChain.java:140)
2025-03-11 19:27:12,678 ERROR [http-nio-8080-exec-1] c.n.c.c.a.ExceptionAdvice [ExceptionAdvice.java:25] org.springframework.web.filter.RequestContextFilter.doFilterInternal(RequestContextFilter.java:100)
2025-03-11 19:27:12,680 ERROR [http-nio-8080-exec-1] c.n.c.c.a.ExceptionAdvice [ExceptionAdvice.java:25] org.springframework.web.filter.OncePerRequestFilter.doFilter(OncePerRequestFilter.java:116)
2025-03-11 19:27:12,681 ERROR [http-nio-8080-exec-1] c.n.c.c.a.ExceptionAdvice [ExceptionAdvice.java:25] org.apache.catalina.core.ApplicationFilterChain.internalDoFilter(ApplicationFilterChain.java:164)
2025-03-11 19:27:12,682 ERROR [http-nio-8080-exec-1] c.n.c.c.a.ExceptionAdvice [ExceptionAdvice.java:25] org.apache.catalina.core.ApplicationFilterChain.doFilter(ApplicationFilterChain.java:140)
2025-03-11 19:27:12,685 ERROR [http-nio-8080-exec-1] c.n.c.c.a.ExceptionAdvice [ExceptionAdvice.java:25] org.springframework.web.filter.FormContentFilter.doFilterInternal(FormContentFilter.java:93)
2025-03-11 19:27:12,687 ERROR [http-nio-8080-exec-1] c.n.c.c.a.ExceptionAdvice [ExceptionAdvice.java:25] org.springframework.web.filter.OncePerRequestFilter.doFilter(OncePerRequestFilter.java:116)
2025-03-11 19:27:12,688 ERROR [http-nio-8080-exec-1] c.n.c.c.a.ExceptionAdvice [ExceptionAdvice.java:25] org.apache.catalina.core.ApplicationFilterChain.internalDoFilter(ApplicationFilterChain.java:164)
2025-03-11 19:27:12,688 ERROR [http-nio-8080-exec-1] c.n.c.c.a.ExceptionAdvice [ExceptionAdvice.java:25] org.apache.catalina.core.ApplicationFilterChain.doFilter(ApplicationFilterChain.java:140)
2025-03-11 19:27:12,690 ERROR [http-nio-8080-exec-1] c.n.c.c.a.ExceptionAdvice [ExceptionAdvice.java:25] org.springframework.web.filter.CharacterEncodingFilter.doFilterInternal(CharacterEncodingFilter.java:201)
2025-03-11 19:27:12,693 ERROR [http-nio-8080-exec-1] c.n.c.c.a.ExceptionAdvice [ExceptionAdvice.java:25] org.springframework.web.filter.OncePerRequestFilter.doFilter(OncePerRequestFilter.java:116)
2025-03-11 19:27:12,693 ERROR [http-nio-8080-exec-1] c.n.c.c.a.ExceptionAdvice [ExceptionAdvice.java:25] org.apache.catalina.core.ApplicationFilterChain.internalDoFilter(ApplicationFilterChain.java:164)
2025-03-11 19:27:12,693 ERROR [http-nio-8080-exec-1] c.n.c.c.a.ExceptionAdvice [ExceptionAdvice.java:25] org.apache.catalina.core.ApplicationFilterChain.doFilter(ApplicationFilterChain.java:140)
2025-03-11 19:27:12,693 ERROR [http-nio-8080-exec-1] c.n.c.c.a.ExceptionAdvice [ExceptionAdvice.java:25] org.apache.catalina.core.StandardWrapperValve.invoke(StandardWrapperValve.java:167)
2025-03-11 19:27:12,698 ERROR [http-nio-8080-exec-1] c.n.c.c.a.ExceptionAdvice [ExceptionAdvice.java:25] org.apache.catalina.core.StandardContextValve.invoke(StandardContextValve.java:90)
2025-03-11 19:27:12,698 ERROR [http-nio-8080-exec-1] c.n.c.c.a.ExceptionAdvice [ExceptionAdvice.java:25] org.apache.catalina.authenticator.AuthenticatorBase.invoke(AuthenticatorBase.java:483)
2025-03-11 19:27:12,698 ERROR [http-nio-8080-exec-1] c.n.c.c.a.ExceptionAdvice [ExceptionAdvice.java:25] org.apache.catalina.core.StandardHostValve.invoke(StandardHostValve.java:115)
2025-03-11 19:27:12,698 ERROR [http-nio-8080-exec-1] c.n.c.c.a.ExceptionAdvice [ExceptionAdvice.java:25] org.apache.catalina.valves.ErrorReportValve.invoke(ErrorReportValve.java:93)
2025-03-11 19:27:12,703 ERROR [http-nio-8080-exec-1] c.n.c.c.a.ExceptionAdvice [ExceptionAdvice.java:25] org.apache.catalina.core.StandardEngineValve.invoke(StandardEngineValve.java:74)
2025-03-11 19:27:12,703 ERROR [http-nio-8080-exec-1] c.n.c.c.a.ExceptionAdvice [ExceptionAdvice.java:25] org.apache.catalina.connector.CoyoteAdapter.service(CoyoteAdapter.java:344)
2025-03-11 19:27:12,703 ERROR [http-nio-8080-exec-1] c.n.c.c.a.ExceptionAdvice [ExceptionAdvice.java:25] org.apache.coyote.http11.Http11Processor.service(Http11Processor.java:397)
2025-03-11 19:27:12,703 ERROR [http-nio-8080-exec-1] c.n.c.c.a.ExceptionAdvice [ExceptionAdvice.java:25] org.apache.coyote.AbstractProcessorLight.process(AbstractProcessorLight.java:63)
2025-03-11 19:27:12,704 ERROR [http-nio-8080-exec-1] c.n.c.c.a.ExceptionAdvice [ExceptionAdvice.java:25] org.apache.coyote.AbstractProtocol$ConnectionHandler.process(AbstractProtocol.java:905)
2025-03-11 19:27:12,705 ERROR [http-nio-8080-exec-1] c.n.c.c.a.ExceptionAdvice [ExceptionAdvice.java:25] org.apache.tomcat.util.net.NioEndpoint$SocketProcessor.doRun(NioEndpoint.java:1743)
2025-03-11 19:27:12,705 ERROR [http-nio-8080-exec-1] c.n.c.c.a.ExceptionAdvice [ExceptionAdvice.java:25] org.apache.tomcat.util.net.SocketProcessorBase.run(SocketProcessorBase.java:52)
2025-03-11 19:27:12,706 ERROR [http-nio-8080-exec-1] c.n.c.c.a.ExceptionAdvice [ExceptionAdvice.java:25] org.apache.tomcat.util.threads.ThreadPoolExecutor.runWorker(ThreadPoolExecutor.java:1190)
2025-03-11 19:27:12,709 ERROR [http-nio-8080-exec-1] c.n.c.c.a.ExceptionAdvice [ExceptionAdvice.java:25] org.apache.tomcat.util.threads.ThreadPoolExecutor$Worker.run(ThreadPoolExecutor.java:659)
2025-03-11 19:27:12,710 ERROR [http-nio-8080-exec-1] c.n.c.c.a.ExceptionAdvice [ExceptionAdvice.java:25] org.apache.tomcat.util.threads.TaskThread$WrappingRunnable.run(TaskThread.java:63)
2025-03-11 19:27:12,713 ERROR [http-nio-8080-exec-1] c.n.c.c.a.ExceptionAdvice [ExceptionAdvice.java:25] java.base/java.lang.Thread.run(Thread.java:842)
2025-03-11 19:28:12,759 ERROR [http-nio-8080-exec-2] c.n.c.c.a.ExceptionAdvice [ExceptionAdvice.java:23] 服务器发生异常: Redis command timed out
2025-03-11 19:28:12,759 ERROR [http-nio-8080-exec-2] c.n.c.c.a.ExceptionAdvice [ExceptionAdvice.java:25] org.springframework.data.redis.connection.lettuce.LettuceExceptionConverter.convert(LettuceExceptionConverter.java:68)
2025-03-11 19:28:12,759 ERROR [http-nio-8080-exec-2] c.n.c.c.a.ExceptionAdvice [ExceptionAdvice.java:25] org.springframework.data.redis.connection.lettuce.LettuceExceptionConverter.convert(LettuceExceptionConverter.java:41)
2025-03-11 19:28:12,759 ERROR [http-nio-8080-exec-2] c.n.c.c.a.ExceptionAdvice [ExceptionAdvice.java:25] org.springframework.data.redis.PassThroughExceptionTranslationStrategy.translate(PassThroughExceptionTranslationStrategy.java:40)
2025-03-11 19:28:12,759 ERROR [http-nio-8080-exec-2] c.n.c.c.a.ExceptionAdvice [ExceptionAdvice.java:25] org.springframework.data.redis.FallbackExceptionTranslationStrategy.translate(FallbackExceptionTranslationStrategy.java:38)
2025-03-11 19:28:12,759 ERROR [http-nio-8080-exec-2] c.n.c.c.a.ExceptionAdvice [ExceptionAdvice.java:25] org.springframework.data.redis.connection.lettuce.LettuceConnection.convertLettuceAccessException(LettuceConnection.java:310)
2025-03-11 19:28:12,759 ERROR [http-nio-8080-exec-2] c.n.c.c.a.ExceptionAdvice [ExceptionAdvice.java:25] org.springframework.data.redis.connection.lettuce.LettuceConnection.await(LettuceConnection.java:1012)
2025-03-11 19:28:12,759 ERROR [http-nio-8080-exec-2] c.n.c.c.a.ExceptionAdvice [ExceptionAdvice.java:25] org.springframework.data.redis.connection.lettuce.LettuceConnection.lambda$doInvoke$3(LettuceConnection.java:447)
2025-03-11 19:28:12,759 ERROR [http-nio-8080-exec-2] c.n.c.c.a.ExceptionAdvice [ExceptionAdvice.java:25] org.springframework.data.redis.connection.lettuce.LettuceInvoker$Synchronizer.invoke(LettuceInvoker.java:665)
2025-03-11 19:28:12,759 ERROR [http-nio-8080-exec-2] c.n.c.c.a.ExceptionAdvice [ExceptionAdvice.java:25] org.springframework.data.redis.connection.lettuce.LettuceInvoker.just(LettuceInvoker.java:94)
2025-03-11 19:28:12,759 ERROR [http-nio-8080-exec-2] c.n.c.c.a.ExceptionAdvice [ExceptionAdvice.java:25] org.springframework.data.redis.connection.lettuce.LettuceStringCommands.get(LettuceStringCommands.java:54)
2025-03-11 19:28:12,759 ERROR [http-nio-8080-exec-2] c.n.c.c.a.ExceptionAdvice [ExceptionAdvice.java:25] org.springframework.data.redis.connection.DefaultedRedisConnection.get(DefaultedRedisConnection.java:284)
2025-03-11 19:28:12,759 ERROR [http-nio-8080-exec-2] c.n.c.c.a.ExceptionAdvice [ExceptionAdvice.java:25] org.springframework.data.redis.core.AbstractOperations$FunctionalValueDeserializingRedisCallback.inRedis(AbstractOperations.java:81)
2025-03-11 19:28:12,759 ERROR [http-nio-8080-exec-2] c.n.c.c.a.ExceptionAdvice [ExceptionAdvice.java:25] org.springframework.data.redis.core.AbstractOperations$ValueDeserializingRedisCallback.doInRedis(AbstractOperations.java:62)
2025-03-11 19:28:12,759 ERROR [http-nio-8080-exec-2] c.n.c.c.a.ExceptionAdvice [ExceptionAdvice.java:25] org.springframework.data.redis.core.RedisTemplate.execute(RedisTemplate.java:411)
2025-03-11 19:28:12,759 ERROR [http-nio-8080-exec-2] c.n.c.c.a.ExceptionAdvice [ExceptionAdvice.java:25] org.springframework.data.redis.core.RedisTemplate.execute(RedisTemplate.java:378)
2025-03-11 19:28:12,759 ERROR [http-nio-8080-exec-2] c.n.c.c.a.ExceptionAdvice [ExceptionAdvice.java:25] org.springframework.data.redis.core.AbstractOperations.execute(AbstractOperations.java:117)
2025-03-11 19:28:12,759 ERROR [http-nio-8080-exec-2] c.n.c.c.a.ExceptionAdvice [ExceptionAdvice.java:25] org.springframework.data.redis.core.DefaultValueOperations.get(DefaultValueOperations.java:49)
2025-03-11 19:28:12,759 ERROR [http-nio-8080-exec-2] c.n.c.c.a.ExceptionAdvice [ExceptionAdvice.java:25] com.nowcoder.community.service.UserService.findLoginTicket(UserService.java:186)
2025-03-11 19:28:12,775 ERROR [http-nio-8080-exec-2] c.n.c.c.a.ExceptionAdvice [ExceptionAdvice.java:25] java.base/jdk.internal.reflect.NativeMethodAccessorImpl.invoke0(Native Method)
2025-03-11 19:28:12,775 ERROR [http-nio-8080-exec-2] c.n.c.c.a.ExceptionAdvice [ExceptionAdvice.java:25] java.base/jdk.internal.reflect.NativeMethodAccessorImpl.invoke(NativeMethodAccessorImpl.java:77)
2025-03-11 19:28:12,775 ERROR [http-nio-8080-exec-2] c.n.c.c.a.ExceptionAdvice [ExceptionAdvice.java:25] java.base/jdk.internal.reflect.DelegatingMethodAccessorImpl.invoke(DelegatingMethodAccessorImpl.java:43)
2025-03-11 19:28:12,775 ERROR [http-nio-8080-exec-2] c.n.c.c.a.ExceptionAdvice [ExceptionAdvice.java:25] java.base/java.lang.reflect.Method.invoke(Method.java:568)
2025-03-11 19:28:12,775 ERROR [http-nio-8080-exec-2] c.n.c.c.a.ExceptionAdvice [ExceptionAdvice.java:25] org.springframework.aop.support.AopUtils.invokeJoinpointUsingReflection(AopUtils.java:359)
2025-03-11 19:28:12,775 ERROR [http-nio-8080-exec-2] c.n.c.c.a.ExceptionAdvice [ExceptionAdvice.java:25] org.springframework.aop.framework.ReflectiveMethodInvocation.invokeJoinpoint(ReflectiveMethodInvocation.java:196)
2025-03-11 19:28:12,775 ERROR [http-nio-8080-exec-2] c.n.c.c.a.ExceptionAdvice [ExceptionAdvice.java:25] org.springframework.aop.framework.ReflectiveMethodInvocation.proceed(ReflectiveMethodInvocation.java:163)
2025-03-11 19:28:12,775 ERROR [http-nio-8080-exec-2] c.n.c.c.a.ExceptionAdvice [ExceptionAdvice.java:25] org.springframework.aop.framework.adapter.MethodBeforeAdviceInterceptor.invoke(MethodBeforeAdviceInterceptor.java:58)
2025-03-11 19:28:12,775 ERROR [http-nio-8080-exec-2] c.n.c.c.a.ExceptionAdvice [ExceptionAdvice.java:25] org.springframework.aop.framework.ReflectiveMethodInvocation.proceed(ReflectiveMethodInvocation.java:184)
2025-03-11 19:28:12,775 ERROR [http-nio-8080-exec-2] c.n.c.c.a.ExceptionAdvice [ExceptionAdvice.java:25] org.springframework.aop.interceptor.ExposeInvocationInterceptor.invoke(ExposeInvocationInterceptor.java:97)
2025-03-11 19:28:12,775 ERROR [http-nio-8080-exec-2] c.n.c.c.a.ExceptionAdvice [ExceptionAdvice.java:25] org.springframework.aop.framework.ReflectiveMethodInvocation.proceed(ReflectiveMethodInvocation.java:184)
2025-03-11 19:28:12,775 ERROR [http-nio-8080-exec-2] c.n.c.c.a.ExceptionAdvice [ExceptionAdvice.java:25] org.springframework.aop.framework.CglibAopProxy$DynamicAdvisedInterceptor.intercept(CglibAopProxy.java:727)
2025-03-11 19:28:12,775 ERROR [http-nio-8080-exec-2] c.n.c.c.a.ExceptionAdvice [ExceptionAdvice.java:25] com.nowcoder.community.service.UserService$$SpringCGLIB$$0.findLoginTicket(<generated>)
2025-03-11 19:28:12,775 ERROR [http-nio-8080-exec-2] c.n.c.c.a.ExceptionAdvice [ExceptionAdvice.java:25] com.nowcoder.community.controller.interceptor.LoginTicketInterceptor.preHandle(LoginTicketInterceptor.java:41)
2025-03-11 19:28:12,775 ERROR [http-nio-8080-exec-2] c.n.c.c.a.ExceptionAdvice [ExceptionAdvice.java:25] org.springframework.web.servlet.HandlerExecutionChain.applyPreHandle(HandlerExecutionChain.java:146)
2025-03-11 19:28:12,775 ERROR [http-nio-8080-exec-2] c.n.c.c.a.ExceptionAdvice [ExceptionAdvice.java:25] org.springframework.web.servlet.DispatcherServlet.doDispatch(DispatcherServlet.java:1083)
2025-03-11 19:28:12,775 ERROR [http-nio-8080-exec-2] c.n.c.c.a.ExceptionAdvice [ExceptionAdvice.java:25] org.springframework.web.servlet.DispatcherServlet.doService(DispatcherServlet.java:978)
2025-03-11 19:28:12,775 ERROR [http-nio-8080-exec-2] c.n.c.c.a.ExceptionAdvice [ExceptionAdvice.java:25] org.springframework.web.servlet.FrameworkServlet.processRequest(FrameworkServlet.java:1014)
2025-03-11 19:28:12,775 ERROR [http-nio-8080-exec-2] c.n.c.c.a.ExceptionAdvice [ExceptionAdvice.java:25] org.springframework.web.servlet.FrameworkServlet.doGet(FrameworkServlet.java:903)
2025-03-11 19:28:12,775 ERROR [http-nio-8080-exec-2] c.n.c.c.a.ExceptionAdvice [ExceptionAdvice.java:25] jakarta.servlet.http.HttpServlet.service(HttpServlet.java:564)
2025-03-11 19:28:12,775 ERROR [http-nio-8080-exec-2] c.n.c.c.a.ExceptionAdvice [ExceptionAdvice.java:25] org.springframework.web.servlet.FrameworkServlet.service(FrameworkServlet.java:885)
2025-03-11 19:28:12,775 ERROR [http-nio-8080-exec-2] c.n.c.c.a.ExceptionAdvice [ExceptionAdvice.java:25] jakarta.servlet.http.HttpServlet.service(HttpServlet.java:658)
2025-03-11 19:28:12,775 ERROR [http-nio-8080-exec-2] c.n.c.c.a.ExceptionAdvice [ExceptionAdvice.java:25] org.apache.catalina.core.ApplicationFilterChain.internalDoFilter(ApplicationFilterChain.java:195)
2025-03-11 19:28:12,775 ERROR [http-nio-8080-exec-2] c.n.c.c.a.ExceptionAdvice [ExceptionAdvice.java:25] org.apache.catalina.core.ApplicationFilterChain.doFilter(ApplicationFilterChain.java:140)
2025-03-11 19:28:12,775 ERROR [http-nio-8080-exec-2] c.n.c.c.a.ExceptionAdvice [ExceptionAdvice.java:25] org.apache.tomcat.websocket.server.WsFilter.doFilter(WsFilter.java:51)
2025-03-11 19:28:12,775 ERROR [http-nio-8080-exec-2] c.n.c.c.a.ExceptionAdvice [ExceptionAdvice.java:25] org.apache.catalina.core.ApplicationFilterChain.internalDoFilter(ApplicationFilterChain.java:164)
2025-03-11 19:28:12,775 ERROR [http-nio-8080-exec-2] c.n.c.c.a.ExceptionAdvice [ExceptionAdvice.java:25] org.apache.catalina.core.ApplicationFilterChain.doFilter(ApplicationFilterChain.java:140)
2025-03-11 19:28:12,775 ERROR [http-nio-8080-exec-2] c.n.c.c.a.ExceptionAdvice [ExceptionAdvice.java:25] org.springframework.web.filter.CompositeFilter$VirtualFilterChain.doFilter(CompositeFilter.java:108)
2025-03-11 19:28:12,791 ERROR [http-nio-8080-exec-2] c.n.c.c.a.ExceptionAdvice [ExceptionAdvice.java:25] org.springframework.security.web.FilterChainProxy.lambda$doFilterInternal$3(FilterChainProxy.java:231)
2025-03-11 19:28:12,791 ERROR [http-nio-8080-exec-2] c.n.c.c.a.ExceptionAdvice [ExceptionAdvice.java:25] org.springframework.security.web.FilterChainProxy$VirtualFilterChain.doFilter(FilterChainProxy.java:365)
2025-03-11 19:28:12,791 ERROR [http-nio-8080-exec-2] c.n.c.c.a.ExceptionAdvice [ExceptionAdvice.java:25] org.springframework.security.web.access.intercept.AuthorizationFilter.doFilter(AuthorizationFilter.java:101)
2025-03-11 19:28:12,791 ERROR [http-nio-8080-exec-2] c.n.c.c.a.ExceptionAdvice [ExceptionAdvice.java:25] org.springframework.security.web.FilterChainProxy$VirtualFilterChain.doFilter(FilterChainProxy.java:374)
2025-03-11 19:28:12,791 ERROR [http-nio-8080-exec-2] c.n.c.c.a.ExceptionAdvice [ExceptionAdvice.java:25] org.springframework.security.web.access.ExceptionTranslationFilter.doFilter(ExceptionTranslationFilter.java:126)
2025-03-11 19:28:12,791 ERROR [http-nio-8080-exec-2] c.n.c.c.a.ExceptionAdvice [ExceptionAdvice.java:25] org.springframework.security.web.access.ExceptionTranslationFilter.doFilter(ExceptionTranslationFilter.java:120)
2025-03-11 19:28:12,791 ERROR [http-nio-8080-exec-2] c.n.c.c.a.ExceptionAdvice [ExceptionAdvice.java:25] org.springframework.security.web.FilterChainProxy$VirtualFilterChain.doFilter(FilterChainProxy.java:374)
2025-03-11 19:28:12,791 ERROR [http-nio-8080-exec-2] c.n.c.c.a.ExceptionAdvice [ExceptionAdvice.java:25] org.springframework.security.web.authentication.AnonymousAuthenticationFilter.doFilter(AnonymousAuthenticationFilter.java:100)
2025-03-11 19:28:12,791 ERROR [http-nio-8080-exec-2] c.n.c.c.a.ExceptionAdvice [ExceptionAdvice.java:25] org.springframework.security.web.FilterChainProxy$VirtualFilterChain.doFilter(FilterChainProxy.java:374)
2025-03-11 19:28:12,791 ERROR [http-nio-8080-exec-2] c.n.c.c.a.ExceptionAdvice [ExceptionAdvice.java:25] org.springframework.security.web.servletapi.SecurityContextHolderAwareRequestFilter.doFilter(SecurityContextHolderAwareRequestFilter.java:179)
2025-03-11 19:28:12,791 ERROR [http-nio-8080-exec-2] c.n.c.c.a.ExceptionAdvice [ExceptionAdvice.java:25] org.springframework.security.web.FilterChainProxy$VirtualFilterChain.doFilter(FilterChainProxy.java:374)
2025-03-11 19:28:12,791 ERROR [http-nio-8080-exec-2] c.n.c.c.a.ExceptionAdvice [ExceptionAdvice.java:25] org.springframework.security.web.savedrequest.RequestCacheAwareFilter.doFilter(RequestCacheAwareFilter.java:63)
2025-03-11 19:28:12,791 ERROR [http-nio-8080-exec-2] c.n.c.c.a.ExceptionAdvice [ExceptionAdvice.java:25] org.springframework.security.web.FilterChainProxy$VirtualFilterChain.doFilter(FilterChainProxy.java:374)
2025-03-11 19:28:12,791 ERROR [http-nio-8080-exec-2] c.n.c.c.a.ExceptionAdvice [ExceptionAdvice.java:25] org.springframework.security.web.authentication.logout.LogoutFilter.doFilter(LogoutFilter.java:107)
2025-03-11 19:28:12,791 ERROR [http-nio-8080-exec-2] c.n.c.c.a.ExceptionAdvice [ExceptionAdvice.java:25] org.springframework.security.web.authentication.logout.LogoutFilter.doFilter(LogoutFilter.java:93)
2025-03-11 19:28:12,791 ERROR [http-nio-8080-exec-2] c.n.c.c.a.ExceptionAdvice [ExceptionAdvice.java:25] org.springframework.security.web.FilterChainProxy$VirtualFilterChain.doFilter(FilterChainProxy.java:374)
2025-03-11 19:28:12,791 ERROR [http-nio-8080-exec-2] c.n.c.c.a.ExceptionAdvice [ExceptionAdvice.java:25] org.springframework.security.web.header.HeaderWriterFilter.doHeadersAfter(HeaderWriterFilter.java:90)
2025-03-11 19:28:12,791 ERROR [http-nio-8080-exec-2] c.n.c.c.a.ExceptionAdvice [ExceptionAdvice.java:25] org.springframework.security.web.header.HeaderWriterFilter.doFilterInternal(HeaderWriterFilter.java:75)
2025-03-11 19:28:12,791 ERROR [http-nio-8080-exec-2] c.n.c.c.a.ExceptionAdvice [ExceptionAdvice.java:25] org.springframework.web.filter.OncePerRequestFilter.doFilter(OncePerRequestFilter.java:116)
2025-03-11 19:28:12,791 ERROR [http-nio-8080-exec-2] c.n.c.c.a.ExceptionAdvice [ExceptionAdvice.java:25] org.springframework.security.web.FilterChainProxy$VirtualFilterChain.doFilter(FilterChainProxy.java:374)
2025-03-11 19:28:12,791 ERROR [http-nio-8080-exec-2] c.n.c.c.a.ExceptionAdvice [ExceptionAdvice.java:25] org.springframework.security.web.context.SecurityContextHolderFilter.doFilter(SecurityContextHolderFilter.java:82)
2025-03-11 19:28:12,791 ERROR [http-nio-8080-exec-2] c.n.c.c.a.ExceptionAdvice [ExceptionAdvice.java:25] org.springframework.security.web.context.SecurityContextHolderFilter.doFilter(SecurityContextHolderFilter.java:69)
2025-03-11 19:28:12,791 ERROR [http-nio-8080-exec-2] c.n.c.c.a.ExceptionAdvice [ExceptionAdvice.java:25] org.springframework.security.web.FilterChainProxy$VirtualFilterChain.doFilter(FilterChainProxy.java:374)
2025-03-11 19:28:12,791 ERROR [http-nio-8080-exec-2] c.n.c.c.a.ExceptionAdvice [ExceptionAdvice.java:25] org.springframework.security.web.context.request.async.WebAsyncManagerIntegrationFilter.doFilterInternal(WebAsyncManagerIntegrationFilter.java:62)
2025-03-11 19:28:12,791 ERROR [http-nio-8080-exec-2] c.n.c.c.a.ExceptionAdvice [ExceptionAdvice.java:25] org.springframework.web.filter.OncePerRequestFilter.doFilter(OncePerRequestFilter.java:116)
2025-03-11 19:28:12,791 ERROR [http-nio-8080-exec-2] c.n.c.c.a.ExceptionAdvice [ExceptionAdvice.java:25] org.springframework.security.web.FilterChainProxy$VirtualFilterChain.doFilter(FilterChainProxy.java:374)
2025-03-11 19:28:12,791 ERROR [http-nio-8080-exec-2] c.n.c.c.a.ExceptionAdvice [ExceptionAdvice.java:25] org.springframework.security.web.session.DisableEncodeUrlFilter.doFilterInternal(DisableEncodeUrlFilter.java:42)
2025-03-11 19:28:12,791 ERROR [http-nio-8080-exec-2] c.n.c.c.a.ExceptionAdvice [ExceptionAdvice.java:25] org.springframework.web.filter.OncePerRequestFilter.doFilter(OncePerRequestFilter.java:116)
2025-03-11 19:28:12,791 ERROR [http-nio-8080-exec-2] c.n.c.c.a.ExceptionAdvice [ExceptionAdvice.java:25] org.springframework.security.web.FilterChainProxy$VirtualFilterChain.doFilter(FilterChainProxy.java:374)
2025-03-11 19:28:12,791 ERROR [http-nio-8080-exec-2] c.n.c.c.a.ExceptionAdvice [ExceptionAdvice.java:25] org.springframework.security.web.FilterChainProxy.doFilterInternal(FilterChainProxy.java:233)
2025-03-11 19:28:12,791 ERROR [http-nio-8080-exec-2] c.n.c.c.a.ExceptionAdvice [ExceptionAdvice.java:25] org.springframework.security.web.FilterChainProxy.doFilter(FilterChainProxy.java:191)
2025-03-11 19:28:12,791 ERROR [http-nio-8080-exec-2] c.n.c.c.a.ExceptionAdvice [ExceptionAdvice.java:25] org.springframework.web.filter.CompositeFilter$VirtualFilterChain.doFilter(CompositeFilter.java:113)
2025-03-11 19:28:12,791 ERROR [http-nio-8080-exec-2] c.n.c.c.a.ExceptionAdvice [ExceptionAdvice.java:25] org.springframework.web.servlet.handler.HandlerMappingIntrospector.lambda$createCacheFilter$3(HandlerMappingIntrospector.java:243)
2025-03-11 19:28:12,791 ERROR [http-nio-8080-exec-2] c.n.c.c.a.ExceptionAdvice [ExceptionAdvice.java:25] org.springframework.web.filter.CompositeFilter$VirtualFilterChain.doFilter(CompositeFilter.java:113)
2025-03-11 19:28:12,791 ERROR [http-nio-8080-exec-2] c.n.c.c.a.ExceptionAdvice [ExceptionAdvice.java:25] org.springframework.web.filter.CompositeFilter.doFilter(CompositeFilter.java:74)
2025-03-11 19:28:12,791 ERROR [http-nio-8080-exec-2] c.n.c.c.a.ExceptionAdvice [ExceptionAdvice.java:25] org.springframework.security.config.annotation.web.configuration.WebMvcSecurityConfiguration$CompositeFilterChainProxy.doFilter(WebMvcSecurityConfiguration.java:238)
2025-03-11 19:28:12,807 ERROR [http-nio-8080-exec-2] c.n.c.c.a.ExceptionAdvice [ExceptionAdvice.java:25] org.springframework.web.filter.DelegatingFilterProxy.invokeDelegate(DelegatingFilterProxy.java:362)
2025-03-11 19:28:12,807 ERROR [http-nio-8080-exec-2] c.n.c.c.a.ExceptionAdvice [ExceptionAdvice.java:25] org.springframework.web.filter.DelegatingFilterProxy.doFilter(DelegatingFilterProxy.java:278)
2025-03-11 19:28:12,807 ERROR [http-nio-8080-exec-2] c.n.c.c.a.ExceptionAdvice [ExceptionAdvice.java:25] org.apache.catalina.core.ApplicationFilterChain.internalDoFilter(ApplicationFilterChain.java:164)
2025-03-11 19:28:12,807 ERROR [http-nio-8080-exec-2] c.n.c.c.a.ExceptionAdvice [ExceptionAdvice.java:25] org.apache.catalina.core.ApplicationFilterChain.doFilter(ApplicationFilterChain.java:140)
2025-03-11 19:28:12,807 ERROR [http-nio-8080-exec-2] c.n.c.c.a.ExceptionAdvice [ExceptionAdvice.java:25] org.springframework.web.filter.RequestContextFilter.doFilterInternal(RequestContextFilter.java:100)
2025-03-11 19:28:12,807 ERROR [http-nio-8080-exec-2] c.n.c.c.a.ExceptionAdvice [ExceptionAdvice.java:25] org.springframework.web.filter.OncePerRequestFilter.doFilter(OncePerRequestFilter.java:116)
2025-03-11 19:28:12,807 ERROR [http-nio-8080-exec-2] c.n.c.c.a.ExceptionAdvice [ExceptionAdvice.java:25] org.apache.catalina.core.ApplicationFilterChain.internalDoFilter(ApplicationFilterChain.java:164)
2025-03-11 19:28:12,807 ERROR [http-nio-8080-exec-2] c.n.c.c.a.ExceptionAdvice [ExceptionAdvice.java:25] org.apache.catalina.core.ApplicationFilterChain.doFilter(ApplicationFilterChain.java:140)
2025-03-11 19:28:12,807 ERROR [http-nio-8080-exec-2] c.n.c.c.a.ExceptionAdvice [ExceptionAdvice.java:25] org.springframework.web.filter.FormContentFilter.doFilterInternal(FormContentFilter.java:93)
2025-03-11 19:28:12,807 ERROR [http-nio-8080-exec-2] c.n.c.c.a.ExceptionAdvice [ExceptionAdvice.java:25] org.springframework.web.filter.OncePerRequestFilter.doFilter(OncePerRequestFilter.java:116)
2025-03-11 19:28:12,807 ERROR [http-nio-8080-exec-2] c.n.c.c.a.ExceptionAdvice [ExceptionAdvice.java:25] org.apache.catalina.core.ApplicationFilterChain.internalDoFilter(ApplicationFilterChain.java:164)
2025-03-11 19:28:12,807 ERROR [http-nio-8080-exec-2] c.n.c.c.a.ExceptionAdvice [ExceptionAdvice.java:25] org.apache.catalina.core.ApplicationFilterChain.doFilter(ApplicationFilterChain.java:140)
2025-03-11 19:28:12,807 ERROR [http-nio-8080-exec-2] c.n.c.c.a.ExceptionAdvice [ExceptionAdvice.java:25] org.springframework.web.filter.CharacterEncodingFilter.doFilterInternal(CharacterEncodingFilter.java:201)
2025-03-11 19:28:12,807 ERROR [http-nio-8080-exec-2] c.n.c.c.a.ExceptionAdvice [ExceptionAdvice.java:25] org.springframework.web.filter.OncePerRequestFilter.doFilter(OncePerRequestFilter.java:116)
2025-03-11 19:28:12,807 ERROR [http-nio-8080-exec-2] c.n.c.c.a.ExceptionAdvice [ExceptionAdvice.java:25] org.apache.catalina.core.ApplicationFilterChain.internalDoFilter(ApplicationFilterChain.java:164)
2025-03-11 19:28:12,807 ERROR [http-nio-8080-exec-2] c.n.c.c.a.ExceptionAdvice [ExceptionAdvice.java:25] org.apache.catalina.core.ApplicationFilterChain.doFilter(ApplicationFilterChain.java:140)
2025-03-11 19:28:12,807 ERROR [http-nio-8080-exec-2] c.n.c.c.a.ExceptionAdvice [ExceptionAdvice.java:25] org.apache.catalina.core.StandardWrapperValve.invoke(StandardWrapperValve.java:167)
2025-03-11 19:28:12,807 ERROR [http-nio-8080-exec-2] c.n.c.c.a.ExceptionAdvice [ExceptionAdvice.java:25] org.apache.catalina.core.StandardContextValve.invoke(StandardContextValve.java:90)
2025-03-11 19:28:12,807 ERROR [http-nio-8080-exec-2] c.n.c.c.a.ExceptionAdvice [ExceptionAdvice.java:25] org.apache.catalina.authenticator.AuthenticatorBase.invoke(AuthenticatorBase.java:483)
2025-03-11 19:28:12,807 ERROR [http-nio-8080-exec-2] c.n.c.c.a.ExceptionAdvice [ExceptionAdvice.java:25] org.apache.catalina.core.StandardHostValve.invoke(StandardHostValve.java:115)
2025-03-11 19:28:12,807 ERROR [http-nio-8080-exec-2] c.n.c.c.a.ExceptionAdvice [ExceptionAdvice.java:25] org.apache.catalina.valves.ErrorReportValve.invoke(ErrorReportValve.java:93)
2025-03-11 19:28:12,807 ERROR [http-nio-8080-exec-2] c.n.c.c.a.ExceptionAdvice [ExceptionAdvice.java:25] org.apache.catalina.core.StandardEngineValve.invoke(StandardEngineValve.java:74)
2025-03-11 19:28:12,807 ERROR [http-nio-8080-exec-2] c.n.c.c.a.ExceptionAdvice [ExceptionAdvice.java:25] org.apache.catalina.connector.CoyoteAdapter.service(CoyoteAdapter.java:344)
2025-03-11 19:28:12,807 ERROR [http-nio-8080-exec-2] c.n.c.c.a.ExceptionAdvice [ExceptionAdvice.java:25] org.apache.coyote.http11.Http11Processor.service(Http11Processor.java:397)
2025-03-11 19:28:12,807 ERROR [http-nio-8080-exec-2] c.n.c.c.a.ExceptionAdvice [ExceptionAdvice.java:25] org.apache.coyote.AbstractProcessorLight.process(AbstractProcessorLight.java:63)
2025-03-11 19:28:12,807 ERROR [http-nio-8080-exec-2] c.n.c.c.a.ExceptionAdvice [ExceptionAdvice.java:25] org.apache.coyote.AbstractProtocol$ConnectionHandler.process(AbstractProtocol.java:905)
2025-03-11 19:28:12,807 ERROR [http-nio-8080-exec-2] c.n.c.c.a.ExceptionAdvice [ExceptionAdvice.java:25] org.apache.tomcat.util.net.NioEndpoint$SocketProcessor.doRun(NioEndpoint.java:1743)
2025-03-11 19:28:12,807 ERROR [http-nio-8080-exec-2] c.n.c.c.a.ExceptionAdvice [ExceptionAdvice.java:25] org.apache.tomcat.util.net.SocketProcessorBase.run(SocketProcessorBase.java:52)
2025-03-11 19:28:12,807 ERROR [http-nio-8080-exec-2] c.n.c.c.a.ExceptionAdvice [ExceptionAdvice.java:25] org.apache.tomcat.util.threads.ThreadPoolExecutor.runWorker(ThreadPoolExecutor.java:1190)
2025-03-11 19:28:12,807 ERROR [http-nio-8080-exec-2] c.n.c.c.a.ExceptionAdvice [ExceptionAdvice.java:25] org.apache.tomcat.util.threads.ThreadPoolExecutor$Worker.run(ThreadPoolExecutor.java:659)
2025-03-11 19:28:12,807 ERROR [http-nio-8080-exec-2] c.n.c.c.a.ExceptionAdvice [ExceptionAdvice.java:25] org.apache.tomcat.util.threads.TaskThread$WrappingRunnable.run(TaskThread.java:63)
2025-03-11 19:28:12,807 ERROR [http-nio-8080-exec-2] c.n.c.c.a.ExceptionAdvice [ExceptionAdvice.java:25] java.base/java.lang.Thread.run(Thread.java:842)
